<?xml version="1.0" encoding="UTF-8"?>
<testsuite xmlns:xsi="http://www.w3.org/2001/XMLSchema-instance" xsi:noNamespaceSchemaLocation="https://maven.apache.org/surefire/maven-surefire-plugin/xsd/surefire-test-report.xsd" version="3.0.2" name="stellarburgers.tests.ConstructorNavigationTest" time="19.7" tests="3" errors="0" skipped="0" failures="0">
  <properties>
[...]
</properties>
  <testcase name="jumpToSectionBuns" classname="stellarburgers.tests.ConstructorNavigationTest" time="6.803"/>
  <testcase name="jumpToSectionSauces" classname="stellarburgers.tests.ConstructorNavigationTest" time="6.868"/>
  <testcase name="jumpToSectionFillings" classname="stellarburgers.tests.ConstructorNavigationTest" time="6.023"/>
</testsuite>