<?xml version="1.0" encoding="UTF-8"?>
<testsuite xmlns:xsi="http://www.w3.org/2001/XMLSchema-instance" xsi:noNamespaceSchemaLocation="https://maven.apache.org/surefire/maven-surefire-plugin/xsd/surefire-test-report.xsd" version="3.0.2" name="stellarburgers.tests.UserLoginTest" time="31.937" tests="4" errors="0" skipped="0" failures="0">
  <properties>
[...]
</properties>
  <testcase name="loginWithPasswordRecoveryButtonTest" classname="stellarburgers.tests.UserLoginTest" time="10.268">
    <system-out><![CDATA[Created user with accessToken: Bearer eyJhbGciOiJIUzI1NiIsInR5cCI6IkpXVCJ9.eyJpZCI6IjY3Y2RlNzg3OWVkMjgwMDAxYjU5MGZmMyIsImlhdCI6MTc0MTU0NzM5OSwiZXhwIjoxNzQxNTQ4NTk5fQ.cRVxF6bFqj88vXGMeEJ_7NX7lzajltTDXLJ8cSfXons
Deleted user with accessToken: Bearer eyJhbGciOiJIUzI1NiIsInR5cCI6IkpXVCJ9.eyJpZCI6IjY3Y2RlNzg3OWVkMjgwMDAxYjU5MGZmMyIsImlhdCI6MTc0MTU0NzM5OSwiZXhwIjoxNzQxNTQ4NTk5fQ.cRVxF6bFqj88vXGMeEJ_7NX7lzajltTDXLJ8cSfXons
]]></system-out>
  </testcase>
  <testcase name="loginWithRegistrationFormLoginButtonTest" classname="stellarburgers.tests.UserLoginTest" time="9.111">
    <system-out><![CDATA[Created user with accessToken: Bearer eyJhbGciOiJIUzI1NiIsInR5cCI6IkpXVCJ9.eyJpZCI6IjY3Y2RlNzkwOWVkMjgwMDAxYjU5MGZmNiIsImlhdCI6MTc0MTU0NzQwOCwiZXhwIjoxNzQxNTQ4NjA4fQ.pIOjgHAUyWj96J_AMcIDRzHDEnoL1ghA95kiMwqMG9A
Deleted user with accessToken: Bearer eyJhbGciOiJIUzI1NiIsInR5cCI6IkpXVCJ9.eyJpZCI6IjY3Y2RlNzkwOWVkMjgwMDAxYjU5MGZmNiIsImlhdCI6MTc0MTU0NzQwOCwiZXhwIjoxNzQxNTQ4NjA4fQ.pIOjgHAUyWj96J_AMcIDRzHDEnoL1ghA95kiMwqMG9A
]]></system-out>
  </testcase>
  <testcase name="loginWithPersonalAccountButtonTest" classname="stellarburgers.tests.UserLoginTest" time="6.9">
    <system-out><![CDATA[Created user with accessToken: Bearer eyJhbGciOiJIUzI1NiIsInR5cCI6IkpXVCJ9.eyJpZCI6IjY3Y2RlNzk3OWVkMjgwMDAxYjU5MGZmOSIsImlhdCI6MTc0MTU0NzQxNSwiZXhwIjoxNzQxNTQ4NjE1fQ.VIQ2E39tU2rYP3S_Oam2JeXj9BaH670_dfZtOsVEnQM
Deleted user with accessToken: Bearer eyJhbGciOiJIUzI1NiIsInR5cCI6IkpXVCJ9.eyJpZCI6IjY3Y2RlNzk3OWVkMjgwMDAxYjU5MGZmOSIsImlhdCI6MTc0MTU0NzQxNSwiZXhwIjoxNzQxNTQ4NjE1fQ.VIQ2E39tU2rYP3S_Oam2JeXj9BaH670_dfZtOsVEnQM
]]></system-out>
  </testcase>
  <testcase name="loginWithLoginAccountButtonTest" classname="stellarburgers.tests.UserLoginTest" time="5.653">
    <system-out><![CDATA[Created user with accessToken: Bearer eyJhbGciOiJIUzI1NiIsInR5cCI6IkpXVCJ9.eyJpZCI6IjY3Y2RlNzljOWVkMjgwMDAxYjU5MGZmYyIsImlhdCI6MTc0MTU0NzQyMCwiZXhwIjoxNzQxNTQ4NjIwfQ.Vmeo5CqR-WBZqfjzqx-Tf0TP_OD6OkY6oksaqBJvaI8
Deleted user with accessToken: Bearer eyJhbGciOiJIUzI1NiIsInR5cCI6IkpXVCJ9.eyJpZCI6IjY3Y2RlNzljOWVkMjgwMDAxYjU5MGZmYyIsImlhdCI6MTc0MTU0NzQyMCwiZXhwIjoxNzQxNTQ4NjIwfQ.Vmeo5CqR-WBZqfjzqx-Tf0TP_OD6OkY6oksaqBJvaI8
]]></system-out>
  </testcase>
</testsuite>